<?xml version="1.0" encoding="UTF-8"?>
<!-- Generated by org.testng.reporters.JUnitXMLReporter -->
<testsuite ignored="2" hostname="LAPTOP-3N9MTLMM" failures="2" tests="2" name="sampletestcases(failed)(failed)" time="0.09" errors="0" timestamp="2020-12-24T07:46:57 IST">
  <testcase classname="sampleproject.samp" name="enterlogin" time="0.017">
    <failure type="java.lang.AssertionError" message="expected [true] but found [false]">
      <![CDATA[java.lang.AssertionError: expected [true] but found [false]
at sampleproject.samp.enterlogin(samp.java:19)
at java.base/java.util.ArrayList.forEach(ArrayList.java:1511)
... Removed 31 stack frames]]>
    </failure>
  </testcase> <!-- enterlogin -->
  <testcase classname="sampleproject.samp" name="enterurl" time="0.002">
    <failure type="java.lang.AssertionError" message="expected [true] but found [false]">
      <![CDATA[java.lang.AssertionError: expected [true] but found [false]
at sampleproject.samp.enterurl(samp.java:12)
at java.base/java.util.ArrayList.forEach(ArrayList.java:1511)
... Removed 31 stack frames]]>
    </failure>
  </testcase> <!-- enterurl -->
  <testcase classname="sampleproject.samp" name="username" time="0.0">
    <ignored/>
  </testcase> <!-- username -->
  <testcase classname="sampleproject.samp" name="password" time="0.0">
    <ignored/>
  </testcase> <!-- password -->
</testsuite> <!-- sampletestcases(failed)(failed) -->
