<?xml version="1.0" encoding="UTF-8"?>
<!-- Generated by org.testng.reporters.JUnitXMLReporter -->
<testsuite ignored="2" hostname="LAPTOP-3N9MTLMM" failures="0" tests="2" name="sampletestcases(failed)(failed)(failed)" time="0.085" errors="0" timestamp="2020-12-24T07:57:04 IST">
  <testcase classname="sampleproject.samp" name="enterlogin" time="0.014"/>
  <testcase classname="sampleproject.samp" name="enterurl" time="0.002"/>
  <testcase classname="sampleproject.samp" name="username" time="0.0">
    <ignored/>
  </testcase> <!-- username -->
  <testcase classname="sampleproject.samp" name="password" time="0.0">
    <ignored/>
  </testcase> <!-- password -->
</testsuite> <!-- sampletestcases(failed)(failed)(failed) -->
